Player A discarded 2.
Player B discarded 1 aimed at C guessing 8. This forced C to discard 8. C was out.
Player A discarded 1 aimed at B guessing 7.
Player B discarded 1 aimed at A guessing 7. This forced A to discard 7. A was out.
Round winner(s) holding 1: B
Player A discarded 1 aimed at B guessing 8.
Player B discarded 3 aimed at C. This forced B to discard 4. B was out.
Player C discarded 1 aimed at A guessing 8.
Player A discarded 1 aimed at C guessing 8.
Player C discarded 7.
Player A discarded 1 aimed at C guessing 8.
Player C discarded 2.
Player A discarded 3 aimed at C. This forced A to discard 4. A was out.
Round winner(s) holding 5: C
Player A discarded 1 aimed at B guessing 8.
Player B discarded 1 aimed at C guessing 8.
Player C discarded 1 aimed at A guessing 8.
Player A discarded 1 aimed at B guessing 8.
Player B discarded 2.
Player C discarded 2.
Player A discarded 4.
Player B discarded 4.
Player C discarded 6.
Player A discarded 1 aimed at C guessing 8. This forced C to discard 8. C was out.
Player B discarded 3 aimed at A.
Player A discarded 3 aimed at B.
Round winner(s) holding 5: A B
Player A discarded 1 aimed at B guessing 8.
Player B discarded 7.
Player C discarded 1 aimed at A guessing 8.
Player A discarded 4.
Player B discarded 3 aimed at C. This forced C to discard 4. C was out.
Player A discarded 1 aimed at B guessing 8.
Player B discarded 1 aimed at A guessing 8.
Player A discarded 1 aimed at B guessing 8.
Player B discarded 5 aimed at A. This forced A to discard 5.
Player A discarded 2.
Player B discarded 6 aimed at A.
Round winner(s) holding 8: A
Player A discarded 1 aimed at B guessing 8.
Player B discarded 1 aimed at C guessing 8.
Player C discarded 1 aimed at A guessing 8.
Player A discarded 1 aimed at B guessing 8.
Player B discarded 2.
Player C discarded 2.
Player A discarded 4.
Player B discarded 4.
Player C discarded 6.
Player A discarded 1 aimed at C guessing 8. This forced C to discard 8. C was out.
Player B discarded 3 aimed at A.
Player A discarded 3 aimed at B.
Round winner(s) holding 5: A B
Player A discarded 1 aimed at B guessing 8.
Player B discarded 1 aimed at C guessing 8.
Player C discarded 1 aimed at A guessing 8.
Player A discarded 1 aimed at B guessing 8.
Player B discarded 2.
Player C discarded 2.
Player A discarded 4.
Player B discarded 4.
Player C discarded 6.
Player A discarded 1 aimed at C guessing 8. This forced C to discard 8. C was out.
Player B discarded 3 aimed at A.
Player A discarded 3 aimed at B.
Round winner(s) holding 5: A B
Winner(s): A B
