Player A discarded 1 aimed at B guessing 8.
Player B discarded 2.
Player C discarded 1 aimed at D guessing 8.
Player D discarded 1 aimed at A guessing 8.
Player A discarded 4.
Player B discarded 3 aimed at C. This forced B to discard 4. B was out.
Player C discarded 2.
Player D discarded 1 aimed at C guessing 8.
Player A discarded 1 aimed at C guessing 8.
Player C discarded 5 aimed at D. This forced D to discard 3.
Round winner(s) holding 8: C
Player A discarded 1 aimed at B guessing 8.
Player B discarded 2.
Player C discarded 1 aimed at D guessing 8.
Player D discarded 3 aimed at A. This forced D to discard 4. D was out.
Player A discarded 1 aimed at B guessing 8.
Player B discarded 5 aimed at C. This forced C to discard 4.
Player C discarded 1 aimed at A guessing 8.
Player A discarded 3 aimed at B. This forced B to discard 5. B was out.
Player C discarded 1 aimed at A guessing 8.
Player A discarded 7.
Round winner(s) holding 8: A
Player A discarded 1 aimed at B guessing 8.
Player B discarded 3 aimed at C. This forced B to discard 3. B was out.
Player C discarded 2.
Player D discarded 1 aimed at A guessing 8.
Player A discarded 2.
Player C discarded 1 aimed at D guessing 8.
Player D discarded 4.
Player A discarded 1 aimed at C guessing 8.
Player C discarded 1 aimed at A guessing 8.
Player D discarded 5 aimed at A. This forced A to discard 4.
Round winner(s) holding 8: D
Player A discarded 6 aimed at B.
Player B discarded 1 aimed at C guessing 8.
Player C discarded 1 aimed at D guessing 8.
Player D discarded 1 aimed at A guessing 8.
Player A discarded 1 aimed at B guessing 8. This forced B to discard 8. B was out.
Player C discarded 2.
Player D discarded 1 aimed at A guessing 7.
Player A discarded 3 aimed at C. This forced C to discard 2. C was out.
Player D discarded 3 aimed at A.
Player A discarded 4.
Player D discarded 4.
Round winner(s) holding 7: A
Player A discarded 7.
Player B discarded 1 aimed at C guessing 8.
Player C discarded 1 aimed at D guessing 8.
Player D discarded 1 aimed at A guessing 8. This forced A to discard 8. A was out.
Player B discarded 2.
Player C discarded 2.
Player D discarded 3 aimed at B. This forced D to discard 5. D was out.
Player B discarded 5 aimed at C. This forced C to discard 4.
Player C discarded 3 aimed at B. This forced C to discard 4. C was out.
Round winner(s) holding 6: B
Player A discarded 2.
Player B discarded 1 aimed at C guessing 8.
Player C discarded 3 aimed at D.
Player D discarded 1 aimed at A guessing 8.
Player A discarded 5 aimed at B. This forced B to discard 7.
Player B discarded 1 aimed at C guessing 8.
Player C discarded 4.
Player D discarded 1 aimed at A guessing 8.
Player A discarded 3 aimed at B. This forced B to discard 2. B was out.
Player C discarded 5 aimed at D. This forced D to discard 4.
Round winner(s) holding 8: C
Player A discarded 1 aimed at B guessing 8.
Player B discarded 1 aimed at C guessing 8.
Player C discarded 4.
Player D discarded 1 aimed at A guessing 8.
Player A discarded 3 aimed at B. This forced B to discard 3. B was out.
Player C discarded 7.
Player D discarded 4.
Player A discarded 2.
Player C discarded 5 aimed at A. This forced A to discard 6.
Player D discarded 1 aimed at A guessing 8.
Round winner(s) holding 8: D
Player A discarded 1 aimed at B guessing 8.
Player B discarded 1 aimed at C guessing 8.
Player C discarded 5 aimed at D. This forced D to discard 4.
Player D discarded 2.
Player A discarded 2.
Player B discarded 3 aimed at C. This forced C to discard 6. C was out.
Player D discarded 3 aimed at A. This forced A to discard 4. A was out.
Player B discarded 7.
Player D discarded 1 aimed at B guessing 8.
Player B discarded 1 aimed at D guessing 8. This forced D to discard 8. D was out.
Round winner(s) holding 5: B
Player A discarded 2.
Player B discarded 1 aimed at C guessing 8.
Player C discarded 1 aimed at D guessing 8.
Player D discarded 4.
Player A discarded 1 aimed at B guessing 8.
Player B discarded 3 aimed at C. This forced C to discard 6. C was out.
Player D discarded 1 aimed at A guessing 8.
Player A discarded 3 aimed at B. This forced A to discard 7. A was out.
Player B discarded 2.
Player D discarded 4.
Player B discarded 5 aimed at B. This forced B to discard 8. B was out.
Round winner(s) holding 5: D
Player A discarded 1 aimed at B guessing 8.
Player B discarded 1 aimed at C guessing 8.
Player C discarded 3 aimed at D. This forced D to discard 1. D was out.
Player A discarded 2.
Player B discarded 2.
Player C discarded 3 aimed at A. This forced C to discard 4. C was out.
Player A discarded 4.
Player B discarded 1.
Player A discarded 5 aimed at B. This forced B to discard 6.
Player B discarded 7.
Round winner(s) holding 8: A
Player A discarded 1 aimed at B guessing 8. This forced B to discard 8. B was out.
Player C discarded 4.
Player D discarded 3 aimed at A. This forced A to discard 5. A was out.
Player C discarded 4.
Player D discarded 3.
Player C discarded 5 aimed at D. This forced D to discard 7.
Player D discarded 1 aimed at C guessing 6. This forced C to discard 6. C was out.
Round winner(s) holding 2: D
Winner(s): D
